<?xml version="1.0" encoding="UTF-8"?>
<testng-results skipped="0" failed="0" total="1" passed="1">
  <reporter-output>
  </reporter-output>
  <suite name="Castle castle.Search" duration-ms="29875" started-at="2016-09-06T05:08:04Z" finished-at="2016-09-06T05:08:34Z">
    <groups>
    </groups>
    <test name="Castle castle.Search" duration-ms="29875" started-at="2016-09-06T05:08:04Z" finished-at="2016-09-06T05:08:34Z">
      <class name="castle.Privacy">
        <test-method status="PASS" signature="setUp(boolean, java.lang.String, java.lang.String, java.lang.String, java.lang.String, java.lang.String, java.lang.String)[pri:0, instance:castle.Privacy@50f8360d]" name="setUp" is-config="true" duration-ms="17589" started-at="2016-09-05T22:08:04Z" finished-at="2016-09-05T22:08:22Z">
          <params>
            <param index="0">
              <value>
                <![CDATA[true]]>
              </value>
            </param>
            <param index="1">
              <value>
                <![CDATA[jawad083]]>
              </value>
            </param>
            <param index="2">
              <value>
                <![CDATA[9c614a02-865d-4af6-b227-346f89ef0f84]]>
              </value>
            </param>
            <param index="3">
              <value>
                <![CDATA[mac]]>
              </value>
            </param>
            <param index="4">
              <value>
                <![CDATA[firefox]]>
              </value>
            </param>
            <param index="5">
              <value>
                <![CDATA[47.0]]>
              </value>
            </param>
            <param index="6">
              <value>
                <![CDATA[http://www.castle.com/]]>
              </value>
            </param>
          </params>
          <reporter-output>
          </reporter-output>
        </test-method> <!-- setUp -->
        <test-method status="PASS" signature="privacy()[pri:0, instance:castle.Privacy@50f8360d]" name="privacy" duration-ms="11812" started-at="2016-09-05T22:08:22Z" finished-at="2016-09-05T22:08:34Z">
          <reporter-output>
          </reporter-output>
        </test-method> <!-- privacy -->
        <test-method status="PASS" signature="cleanUp()[pri:0, instance:castle.Privacy@50f8360d]" name="cleanUp" is-config="true" duration-ms="463" started-at="2016-09-05T22:08:34Z" finished-at="2016-09-05T22:08:34Z">
          <reporter-output>
          </reporter-output>
        </test-method> <!-- cleanUp -->
      </class> <!-- castle.Privacy -->
    </test> <!-- Castle castle.Search -->
  </suite> <!-- Castle castle.Search -->
</testng-results>
