<?xml version="1.0" encoding="UTF-8"?>
<testng-results skipped="0" failed="0" total="1" passed="1">
  <reporter-output>
  </reporter-output>
  <suite name="Bed Bath And Beyond " duration-ms="80695" started-at="2016-09-06T22:46:12Z" finished-at="2016-09-06T22:47:33Z">
    <groups>
    </groups>
    <test name="Find Store" duration-ms="16" started-at="2016-09-06T22:46:12Z" finished-at="2016-09-06T22:46:12Z">
    </test> <!-- Find Store -->
    <test name="Dropdown Menu" duration-ms="0" started-at="2016-09-06T22:46:12Z" finished-at="2016-09-06T22:46:12Z">
    </test> <!-- Dropdown Menu -->
    <test name="Sign Up E-Mail" duration-ms="0" started-at="2016-09-06T22:46:12Z" finished-at="2016-09-06T22:46:12Z">
    </test> <!-- Sign Up E-Mail -->
    <test name="Bed Bath And Beyond castle.Search" duration-ms="16" started-at="2016-09-06T22:46:12Z" finished-at="2016-09-06T22:46:12Z">
    </test> <!-- Bed Bath And Beyond castle.Search -->
    <test name="Sign Up Mail" duration-ms="0" started-at="2016-09-06T22:46:12Z" finished-at="2016-09-06T22:46:12Z">
    </test> <!-- Sign Up Mail -->
    <test name="Sign Up Mobile" duration-ms="0" started-at="2016-09-06T22:46:12Z" finished-at="2016-09-06T22:46:12Z">
    </test> <!-- Sign Up Mobile -->
    <test name="Offers" duration-ms="16" started-at="2016-09-06T22:46:12Z" finished-at="2016-09-06T22:46:12Z">
    </test> <!-- Offers -->
    <test name="In bestBuy.Products Menu" duration-ms="0" started-at="2016-09-06T22:46:12Z" finished-at="2016-09-06T22:46:12Z">
    </test> <!-- In bestBuy.Products Menu -->
    <test name="Read From File" duration-ms="0" started-at="2016-09-06T22:46:12Z" finished-at="2016-09-06T22:46:12Z">
    </test> <!-- Read From File -->
    <test name="In bestBuy.Products Get TXT" duration-ms="0" started-at="2016-09-06T22:46:12Z" finished-at="2016-09-06T22:46:12Z">
    </test> <!-- In bestBuy.Products Get TXT -->
    <test name="Bed Bath And Beyond Gift Card castle.Search" duration-ms="16" started-at="2016-09-06T22:46:12Z" finished-at="2016-09-06T22:46:12Z">
    </test> <!-- Bed Bath And Beyond Gift Card castle.Search -->
    <test name="BBB Gift Card Add To Card" duration-ms="80695" started-at="2016-09-06T22:46:12Z" finished-at="2016-09-06T22:47:33Z">
      <class name="addToCart.giftCardAddToCart">
        <test-method status="PASS" signature="setUp(boolean, java.lang.String, java.lang.String, java.lang.String, java.lang.String, java.lang.String, java.lang.String)[pri:0, instance:addToCart.giftCardAddToCart@174d20a]" name="setUp" is-config="true" duration-ms="26690" started-at="2016-09-06T18:46:12Z" finished-at="2016-09-06T18:46:39Z">
          <params>
            <param index="0">
              <value>
                <![CDATA[true]]>
              </value>
            </param>
            <param index="1">
              <value>
                <![CDATA[DimitarMilevskiPNT]]>
              </value>
            </param>
            <param index="2">
              <value>
                <![CDATA[806b9c37-3173-41da-adf3-114ccd386fe4]]>
              </value>
            </param>
            <param index="3">
              <value>
                <![CDATA[mac]]>
              </value>
            </param>
            <param index="4">
              <value>
                <![CDATA[firefox]]>
              </value>
            </param>
            <param index="5">
              <value>
                <![CDATA[47.0]]>
              </value>
            </param>
            <param index="6">
              <value>
                <![CDATA[http://www.bedbathandbeyond.com]]>
              </value>
            </param>
          </params>
          <reporter-output>
          </reporter-output>
        </test-method> <!-- setUp -->
        <test-method status="PASS" signature="giftCAddToCart()[pri:0, instance:addToCart.giftCardAddToCart@174d20a]" name="giftCAddToCart" duration-ms="53684" started-at="2016-09-06T18:46:39Z" finished-at="2016-09-06T18:47:32Z">
          <reporter-output>
          </reporter-output>
        </test-method> <!-- giftCAddToCart -->
        <test-method status="PASS" signature="cleanUp()[pri:0, instance:addToCart.giftCardAddToCart@174d20a]" name="cleanUp" is-config="true" duration-ms="286" started-at="2016-09-06T18:47:32Z" finished-at="2016-09-06T18:47:33Z">
          <reporter-output>
          </reporter-output>
        </test-method> <!-- cleanUp -->
      </class> <!-- addToCart.giftCardAddToCart -->
    </test> <!-- BBB Gift Card Add To Card -->
  </suite> <!-- Bed Bath And Beyond  -->
</testng-results>
